{"uuid":"2cd5576c-4ac4-47b0-b3f8-0f799d9d28fd","historyId":"8c1b0b0110329d54447849ea380a013","fullName":"cucumber.api.testng.AbstractTestNGCucumberTests.feature","labels":[{"name":"package","value":"com.mapsynq.TestNgRunner"},{"name":"testClass","value":"com.mapsynq.TestNgRunner"},{"name":"testMethod","value":"feature"},{"name":"parentSuite","value":"Default Suite"},{"name":"suite","value":"QuantumInventionMapsynq"},{"name":"subSuite","value":"com.mapsynq.TestNgRunner"},{"name":"host","value":"DESKTOP-ASQ1KLG"},{"name":"thread","value":"6172@DESKTOP-ASQ1KLG.main(1)"}],"links":[],"name":"Runs Cucumber Feature","status":"skipped","statusDetails":{"known":false,"muted":false,"flaky":false,"message":"java.lang.IllegalArgumentException: Not a file or directory: D:\\QuantumInvention\\Mapsynq\\src\\test\\resources\\Features","trace":"java.lang.RuntimeException: java.lang.IllegalArgumentException: Not a file or directory: D:\\QuantumInvention\\Mapsynq\\src\\test\\resources\\Features\r\n\tat org.testng.internal.MethodInvocationHelper.invokeMethodNoCheckedException(MethodInvocationHelper.java:49)\r\n\tat org.testng.internal.MethodInvocationHelper.invokeDataProvider(MethodInvocationHelper.java:115)\r\n\tat org.testng.internal.Parameters.handleParameters(Parameters.java:509)\r\n\tat org.testng.internal.Invoker.handleParameters(Invoker.java:1308)\r\n\tat org.testng.internal.Invoker.createParameters(Invoker.java:1036)\r\n\tat org.testng.internal.Invoker.invokeTestMethods(Invoker.java:1126)\r\n\tat org.testng.internal.TestMethodWorker.invokeTestMethods(TestMethodWorker.java:126)\r\n\tat org.testng.internal.TestMethodWorker.run(TestMethodWorker.java:109)\r\n\tat org.testng.TestRunner.privateRun(TestRunner.java:744)\r\n\tat org.testng.TestRunner.run(TestRunner.java:602)\r\n\tat org.testng.SuiteRunner.runTest(SuiteRunner.java:380)\r\n\tat org.testng.SuiteRunner.runSequentially(SuiteRunner.java:375)\r\n\tat org.testng.SuiteRunner.privateRun(SuiteRunner.java:340)\r\n\tat org.testng.SuiteRunner.run(SuiteRunner.java:289)\r\n\tat org.testng.SuiteRunnerWorker.runSuite(SuiteRunnerWorker.java:52)\r\n\tat org.testng.SuiteRunnerWorker.run(SuiteRunnerWorker.java:86)\r\n\tat org.testng.TestNG.runSuitesSequentially(TestNG.java:1301)\r\n\tat org.testng.TestNG.runSuitesLocally(TestNG.java:1226)\r\n\tat org.testng.TestNG.runSuites(TestNG.java:1144)\r\n\tat org.testng.TestNG.run(TestNG.java:1115)\r\n\tat org.testng.IDEARemoteTestNG.run(IDEARemoteTestNG.java:73)\r\n\tat org.testng.RemoteTestNGStarter.main(RemoteTestNGStarter.java:123)\r\nCaused by: java.lang.IllegalArgumentException: Not a file or directory: D:\\QuantumInvention\\Mapsynq\\src\\test\\resources\\Features\r\n\tat cucumber.runtime.io.FileResourceIterator$FileIterator.<init>(FileResourceIterator.java:54)\r\n\tat cucumber.runtime.io.FileResourceIterator.<init>(FileResourceIterator.java:20)\r\n\tat cucumber.runtime.io.FileResourceIterable.iterator(FileResourceIterable.java:19)\r\n\tat cucumber.runtime.model.CucumberFeature.loadFromFeaturePath(CucumberFeature.java:103)\r\n\tat cucumber.runtime.model.CucumberFeature.load(CucumberFeature.java:54)\r\n\tat cucumber.runtime.model.CucumberFeature.load(CucumberFeature.java:34)\r\n\tat cucumber.runtime.RuntimeOptions.cucumberFeatures(RuntimeOptions.java:235)\r\n\tat cucumber.api.testng.TestNGCucumberRunner.getFeatures(TestNGCucumberRunner.java:85)\r\n\tat cucumber.api.testng.TestNGCucumberRunner.provideFeatures(TestNGCucumberRunner.java:94)\r\n\tat cucumber.api.testng.AbstractTestNGCucumberTests.features(AbstractTestNGCucumberTests.java:29)\r\n\tat sun.reflect.NativeMethodAccessorImpl.invoke0(Native Method)\r\n\tat sun.reflect.NativeMethodAccessorImpl.invoke(NativeMethodAccessorImpl.java:62)\r\n\tat sun.reflect.DelegatingMethodAccessorImpl.invoke(DelegatingMethodAccessorImpl.java:43)\r\n\tat java.lang.reflect.Method.invoke(Method.java:498)\r\n\tat org.testng.internal.MethodInvocationHelper.invokeMethod(MethodInvocationHelper.java:108)\r\n\tat org.testng.internal.MethodInvocationHelper.invokeMethod(MethodInvocationHelper.java:55)\r\n\tat org.testng.internal.MethodInvocationHelper.invokeMethodNoCheckedException(MethodInvocationHelper.java:45)\r\n\t... 21 more\r\n"},"stage":"finished","start":1573917585357,"stop":1573917585373,"parameters":[]}